2025-04-09 11:32:35,825 - invoice_processor - INFO - Starting Intelligent Invoice Processor
2025-04-09 11:32:35,825 - invoice_processor - INFO - Initializing application
2025-04-09 11:32:35,826 - invoice_processor - INFO - Database initialized successfully
2025-04-09 11:32:35,826 - invoice_processor - INFO - Loading vendor classifier model from E:\Shoban-NCI\VS_Code_WS\IAPA\CA\intelligent_invoice_processor\invoice_processor\data\models\vendor_classifier.pkl
2025-04-09 11:32:35,883 - invoice_processor - INFO - Vendor classification model loaded successfully
2025-04-09 11:32:36,130 - invoice_processor - INFO - Starting main application loop
2025-04-09 11:32:53,675 - invoice_processor - INFO - Selected invoice PDF: E:/Shoban-NCI/VS_Code_WS/IAPA/CA/intelligent_invoice_processor/Sample_invoices/sample-invoice-1.pdf
2025-04-09 11:32:56,420 - invoice_processor - INFO - Processing invoice: E:/Shoban-NCI/VS_Code_WS/IAPA/CA/intelligent_invoice_processor/Sample_invoices/sample-invoice-1.pdf
2025-04-09 11:32:56,421 - invoice_processor - INFO - Extracting text from PDF: E:/Shoban-NCI/VS_Code_WS/IAPA/CA/intelligent_invoice_processor/Sample_invoices/sample-invoice-1.pdf
2025-04-09 11:32:58,919 - invoice_processor - INFO - Parsing invoice text and extracting data
2025-04-09 11:32:58,968 - invoice_processor - ERROR - Error extracting items: could not convert string to float: '1.050.00'
2025-04-09 11:32:58,969 - invoice_processor - WARNING - Validation: Date 03/29/2024 seems unusual
2025-04-09 11:32:58,969 - invoice_processor - INFO - Overall confidence score: 0.48
2025-04-09 11:32:58,970 - invoice_processor - INFO - Invoice status: Manual Processing Required
2025-04-09 11:32:58,972 - invoice_processor - INFO - Invoice processed successfully. Status: Manual Processing Required
2025-04-09 11:33:16,292 - invoice_processor - INFO - Loaded 5 invoices from database
2025-04-09 11:33:20,204 - invoice_processor - INFO - Generating analytics visualizations
2025-04-09 11:33:20,870 - invoice_processor - INFO - Analytics generated successfully
2025-04-09 11:33:30,662 - invoice_processor - INFO - Loaded 5 invoices from database
2025-04-09 11:33:42,154 - invoice_processor - INFO - Viewing invoice details: FRC-96543
2025-04-09 11:33:51,935 - invoice_processor - INFO - Viewing invoice details: INV123456
2025-04-09 11:45:32,283 - invoice_processor - INFO - Application closing
2025-04-09 11:45:32,384 - invoice_processor - INFO - Application closed
