2025-04-08 16:15:21,246 - invoice_processor - INFO - Starting Intelligent Invoice Processor
2025-04-08 16:15:21,247 - invoice_processor - INFO - Initializing application
2025-04-08 16:15:21,248 - invoice_processor - INFO - Database initialized successfully
2025-04-08 16:15:21,248 - invoice_processor - INFO - Loading vendor classifier model from E:\Shoban-NCI\VS_Code_WS\IAPA\CA\intelligent_invoice_processor\invoice_processor\data\models\vendor_classifier.pkl
2025-04-08 16:15:21,306 - invoice_processor - INFO - Vendor classification model loaded successfully
2025-04-08 16:15:21,539 - invoice_processor - INFO - Starting main application loop
2025-04-08 16:17:10,052 - invoice_processor - INFO - Selected invoice PDF: E:/Shoban-NCI/VS_Code_WS/IAPA/CA/intelligent_invoice_processor/Sample_invoices/sample-invoice-1.pdf
2025-04-08 16:17:13,601 - invoice_processor - INFO - Processing invoice: E:/Shoban-NCI/VS_Code_WS/IAPA/CA/intelligent_invoice_processor/Sample_invoices/sample-invoice-1.pdf
2025-04-08 16:17:13,602 - invoice_processor - INFO - Extracting text from PDF: E:/Shoban-NCI/VS_Code_WS/IAPA/CA/intelligent_invoice_processor/Sample_invoices/sample-invoice-1.pdf
2025-04-08 16:17:16,363 - invoice_processor - INFO - Parsing invoice text and extracting data
2025-04-08 16:17:16,378 - invoice_processor - ERROR - Error extracting items: could not convert string to float: '1.050.00'
2025-04-08 16:17:16,378 - invoice_processor - WARNING - Validation: Date 03/29/2024 seems unusual
2025-04-08 16:17:16,379 - invoice_processor - INFO - Overall confidence score: 0.48
2025-04-08 16:17:16,379 - invoice_processor - INFO - Invoice status: Manual Processing Required
2025-04-08 16:17:16,380 - invoice_processor - INFO - Invoice processed successfully. Status: Manual Processing Required
2025-04-08 16:17:29,939 - invoice_processor - INFO - Loaded 5 invoices from database
2025-04-08 16:17:40,340 - invoice_processor - INFO - Viewing invoice details: INV-AB-7845
2025-04-08 16:18:37,452 - invoice_processor - INFO - Generating analytics visualizations
2025-04-08 16:18:38,204 - invoice_processor - INFO - Analytics generated successfully
2025-04-08 16:18:51,501 - invoice_processor - INFO - Loaded 5 invoices from database
2025-04-08 16:18:59,000 - invoice_processor - INFO - Viewing invoice details: INV123456
2025-04-08 16:22:45,644 - invoice_processor - INFO - Application closing
2025-04-08 16:22:45,754 - invoice_processor - INFO - Application closed
